<?xml version="1.0" encoding="UTF-8" ?>
<testsuite errors="0" failures="0" hostname="DESKTOP-R2KPKTD" name="HitServiceTest" skipped="0" tests="1" time="0.065" timestamp="2024-05-05T10:06:28">
  <properties>
    <property name="ant.library.dir" value="C:\Users\AEnigMma\Documents\apache-ant-1.10.14\lib" />
    <property name="ant.file.type" value="file" />
    <property name="java.specification.version" value="19" />
    <property name="ant.project.name" value="webapp" />
    <property name="sun.cpu.isalist" value="amd64" />
    <property name="sun.jnu.encoding" value="Cp1251" />
    <property name="ant.file.type.webapp" value="file" />
    <property name="java.class.path" value="C:\Users\AEnigMma\Documents\ITMO_LAB\opi\lab3\lib\FastInfoset-1.2.15.jar;C:\Users\AEnigMma\Documents\ITMO_LAB\opi\lab3\lib\antlr-2.7.7.jar;C:\Users\AEnigMma\Documents\ITMO_LAB\opi\lab3\lib\cdi-api-1.1.jar;C:\Users\AEnigMma\Documents\ITMO_LAB\opi\lab3\lib\checker-qual-3.5.0.jar;C:\Users\AEnigMma\Documents\ITMO_LAB\opi\lab3\lib\classmate-1.3.0.jar;C:\Users\AEnigMma\Documents\ITMO_LAB\opi\lab3\lib\dom4j-1.6.1.jar;C:\Users\AEnigMma\Documents\ITMO_LAB\opi\lab3\lib\el-api-2.2.jar;C:\Users\AEnigMma\Documents\ITMO_LAB\opi\lab3\lib\geronimo-jta_1.1_spec-1.1.1.jar;C:\Users\AEnigMma\Documents\ITMO_LAB\opi\lab3\lib\hamcrest-core-1.3.jar;C:\Users\AEnigMma\Documents\ITMO_LAB\opi\lab3\lib\hibernate-commons-annotations-5.0.1.Final.jar;C:\Users\AEnigMma\Documents\ITMO_LAB\opi\lab3\lib\hibernate-core-5.2.6.Final.jar;C:\Users\AEnigMma\Documents\ITMO_LAB\opi\lab3\lib\hibernate-jpa-2.1-api-1.0.0.Final.jar;C:\Users\AEnigMma\Documents\ITMO_LAB\opi\lab3\lib\istack-commons-runtime-3.0.7.jar;C:\Users\AEnigMma\Documents\ITMO_LAB\opi\lab3\lib\jakarta.activation-api-2.1.0.jar;C:\Users\AEnigMma\Documents\ITMO_LAB\opi\lab3\lib\jakarta.faces-api-3.0.0.jar;C:\Users\AEnigMma\Documents\ITMO_LAB\opi\lab3\lib\jakarta.jakartaee-web-api-9.1.0.jar;C:\Users\AEnigMma\Documents\ITMO_LAB\opi\lab3\lib\jakarta.servlet-api-5.0.0.jar;C:\Users\AEnigMma\Documents\ITMO_LAB\opi\lab3\lib\jakarta.xml.bind-api-4.0.0.jar;C:\Users\AEnigMma\Documents\ITMO_LAB\opi\lab3\lib\jandex-2.0.3.Final.jar;C:\Users\AEnigMma\Documents\ITMO_LAB\opi\lab3\lib\javassist-3.20.0-GA.jar;C:\Users\AEnigMma\Documents\ITMO_LAB\opi\lab3\lib\javax.activation-api-1.2.0.jar;C:\Users\AEnigMma\Documents\ITMO_LAB\opi\lab3\lib\javax.inject-1.jar;C:\Users\AEnigMma\Documents\ITMO_LAB\opi\lab3\lib\jaxb-api-2.3.1.jar;C:\Users\AEnigMma\Documents\ITMO_LAB\opi\lab3\lib\jaxb-runtime-2.3.1.jar;C:\Users\AEnigMma\Documents\ITMO_LAB\opi\lab3\lib\jboss-interceptors-api_1.1_spec-1.0.0.Beta1.jar;C:\Users\AEnigMma\Documents\ITMO_LAB\opi\lab3\lib\jboss-logging-3.3.0.Final.jar;C:\Users\AEnigMma\Documents\ITMO_LAB\opi\lab3\lib\jsr250-api-1.0.jar;C:\Users\AEnigMma\Documents\ITMO_LAB\opi\lab3\lib\junit-4.13.2.jar;C:\Users\AEnigMma\Documents\ITMO_LAB\opi\lab3\lib\postgresql-42.2.17.jar;C:\Users\AEnigMma\Documents\ITMO_LAB\opi\lab3\lib\slf4j-api-2.0.3.jar;C:\Users\AEnigMma\Documents\ITMO_LAB\opi\lab3\lib\stax-ex-1.8.jar;C:\Users\AEnigMma\Documents\ITMO_LAB\opi\lab3\lib\txw2-2.3.1.jar;C:\Users\AEnigMma\Documents\ITMO_LAB\opi\lab3\ant\build\WEB-INF\classes;C:\Users\AEnigMma\Documents\ITMO_LAB\opi\lab3\ant\build\test\classes;C:\Users\AEnigMma\Documents\apache-ant-1.10.14\lib\ant-launcher.jar;C:\Users\AEnigMma\Documents\apache-ant-1.10.14\lib\ant.jar;C:\Users\AEnigMma\Documents\apache-ant-1.10.14\lib\ant-junit.jar;C:\Users\AEnigMma\Documents\apache-ant-1.10.14\lib\ant-junit4.jar" />
    <property name="java.vm.vendor" value="Oracle Corporation" />
    <property name="sun.arch.data.model" value="64" />
    <property name="user.variant" value="" />
    <property name="java.vendor.url" value="https://java.oracle.com/" />
    <property name="resources.dir" value="src/main/resources" />
    <property name="os.name" value="Windows 10" />
    <property name="java.vm.specification.version" value="19" />
    <property name="sun.java.launcher" value="SUN_STANDARD" />
    <property name="user.country" value="RU" />
    <property name="sun.boot.library.path" value="C:\Program Files\Java\jdk-19\bin" />
    <property name="sun.java.command" value="org.apache.tools.ant.taskdefs.optional.junit.JUnitTestRunner HitServiceTest skipNonTests=false filtertrace=true haltOnError=true haltOnFailure=true formatter=org.apache.tools.ant.taskdefs.optional.junit.SummaryJUnitResultFormatter showoutput=false outputtoformatters=true logfailedtests=true threadid=0 logtestlistenerevents=false formatter=org.apache.tools.ant.taskdefs.optional.junit.XMLJUnitResultFormatter,C:\Users\AEnigMma\Documents\ITMO_LAB\opi\lab3\reports\TEST-HitServiceTest.xml crashfile=C:\Users\AEnigMma\Documents\ITMO_LAB\opi\lab3\junitvmwatcher14061719149309453287.properties propsfile=C:\Users\AEnigMma\Documents\ITMO_LAB\opi\lab3\junit7134894259346536885.properties" />
    <property name="test.resources.dir" value="src/test/resources" />
    <property name="jdk.debug" value="release" />
    <property name="ant.file.webapp" value="C:\Users\AEnigMma\Documents\ITMO_LAB\opi\lab3\build.xml" />
    <property name="test.dir" value="src/test/java" />
    <property name="sun.cpu.endian" value="little" />
    <property name="user.home" value="C:\Users\AEnigMma" />
    <property name="compile.version" value="17" />
    <property name="user.language" value="ru" />
    <property name="java.specification.vendor" value="Oracle Corporation" />
    <property name="web.dir" value="src/main/webapp" />
    <property name="build.test.resources.dir" value="ant/build/test/resources" />
    <property name="java.version.date" value="2022-10-18" />
    <property name="project.version" value="1.0" />
    <property name="diff.classes" value="build.xml build.properties" />
    <property name="java.home" value="C:\Program Files\Java\jdk-19" />
    <property name="basedir" value="C:\Users\AEnigMma\Documents\ITMO_LAB\opi\lab3" />
    <property name="file.separator" value="\" />
    <property name="java.vm.compressedOopsMode" value="Zero based" />
    <property name="line.separator" value="&#xd;&#xa;" />
    <property name="ant.java.version" value="19" />
    <property name="java.specification.name" value="Java Platform API Specification" />
    <property name="java.vm.specification.vendor" value="Oracle Corporation" />
    <property name="doc.dir" value="ant/doc" />
    <property name="main.dir" value="src/main/java" />
    <property name="test.results.dir" value="reports" />
    <property name="info.md5" value="4e8df4d103e29986e833db466e94f8ad" />
    <property name="user.script" value="" />
    <property name="sun.management.compiler" value="HotSpot 64-Bit Tiered Compilers" />
    <property name="java.runtime.version" value="19.0.1+10-21" />
    <property name="java.security.manager" value="allow" />
    <property name="user.name" value="AEnigMma" />
    <property name="ant.file" value="C:\Users\AEnigMma\Documents\ITMO_LAB\opi\lab3\build.xml" />
    <property name="stdout.encoding" value="Cp1251" />
    <property name="build.classes.dir" value="ant/build/WEB-INF/classes" />
    <property name="path.separator" value=";" />
    <property name="os.version" value="10.0" />
    <property name="build.test.classes.dir" value="ant/build/test/classes" />
    <property name="java.runtime.name" value="Java(TM) SE Runtime Environment" />
    <property name="file.encoding" value="UTF-8" />
    <property name="ant.project.invoked-targets" value="report" />
    <property name="java.vm.name" value="Java HotSpot(TM) 64-Bit Server VM" />
    <property name="build.dir" value="ant/build" />
    <property name="ant.core.lib" value="C:\Users\AEnigMma\Documents\apache-ant-1.10.14\lib\ant.jar" />
    <property name="vm.args" value="&quot;-J-Xms1024M&quot;" />
    <property name="java.vendor.url.bug" value="https://bugreport.java.com/bugreport/" />
    <property name="java.io.tmpdir" value="C:\Users\AEnigMma\AppData\Local\Temp\" />
    <property name="build.webxml" value="ant/build/WEB-INF/web.xml" />
    <property name="lib.files" value="lib/*.jar" />
    <property name="java.version" value="19.0.1" />
    <property name="zip.dir" value="zip" />
    <property name="user.dir" value="C:\Users\AEnigMma\Documents\ITMO_LAB\opi\lab3" />
    <property name="os.arch" value="amd64" />
    <property name="build.dir.lib" value="ant/build/WEB-INF/lib" />
    <property name="java.vm.specification.name" value="Java Virtual Machine Specification" />
    <property name="ant.home" value="C:\Users\AEnigMma\Documents\apache-ant-1.10.14\bin\.." />
    <property name="lib.dir" value="lib" />
    <property name="sun.os.patch.level" value="" />
    <property name="native.encoding" value="Cp1251" />
    <property name="ant.version" value="Apache Ant(TM) version 1.10.14 compiled on August 16 2023" />
    <property name="java.library.path" value="C:\Program Files\Java\jdk-19\bin;C:\Windows\Sun\Java\bin;C:\Windows\system32;C:\Windows;C:\Program Files\ImageMagick-7.1.1-Q16;C:\Program Files\Common Files\Oracle\Java\javapath;C:\Program Files (x86)\Common Files\Oracle\Java\javapath;C:\Windows\system32;C:\Windows;C:\Windows\System32\Wbem;C:\Windows\System32\WindowsPowerShell\v1.0\;C:\Windows\System32\OpenSSH\;C:\Program Files\Git\cmd;C:\Program Files\CMake\bin;C:\Program Files (x86)\NVIDIA Corporation\PhysX\Common;C:\Program Files\NVIDIA Corporation\NVIDIA NvDLISR;C:\Program Files\WireGuard\;C:\ProgramData\chocolatey\bin;C:\Program Files\nodejs\;C:\Program Files\Go\bin;C:\Program Files\Docker\Docker\resources\bin;C:\mingw64\bin;C:\Program Files\Graphviz\bin;C:\Program Files\TortoiseSVN\bin;C:\Users\AEnigMma\.local\share\solana\install\active_release\bin;C:\Users\AEnigMma\.cargo\bin;C:\Program Files\ImageMagick-7.1.1-Q16;C:\Program Files\Common Files\Oracle\Java\javapath;C:\Program Files (x86)\Common Files\Oracle\Java\javapath;C:\Windows\system32;C:\Windows;C:\Windows\System32\Wbem;C:\Windows\System32\WindowsPowerShell\v1.0\;C:\Windows\System32\OpenSSH\;C:\Program Files\Git\cmd;C:\Program Files\CMake\bin;C:\Program Files (x86)\NVIDIA Corporation\PhysX\Common;C:\Program Files\NVIDIA Corporation\NVIDIA NvDLISR;C:\Program Files\WireGuard\;C:\Program Files\Go\bin;C:\ProgramData\chocolatey\bin;C:\Users\AEnigMma\AppData\Local\Programs\Python\Python311\Scripts\;C:\Users\AEnigMma\AppData\Local\Programs\Python\Python311\;C:\Users\AEnigMma\AppData\Local\Microsoft\WindowsApps;C:\Users\AEnigMma\AppData\Local\Programs\Microsoft VS Code\bin;C:\Program Files\Java\jdk-19\bin;C:\Program Files\Microsoft Visual Studio\2022\Community\VC\Tools\MSVC\14.34.31933\bin\Hostx64\x64;C:\Program Files\JetBrains\IntelliJ IDEA 2022.3.2\bin;C:\Users\AEnigMma\Documents\Maven\apache-maven-3.9.0\bin;C:\Users\AEnigMma\go\bin;C:\Program Files (x86)\GnuWin32\bin;C:\Program Files\PostgreSQL\15\bin;C:\Users\AEnigMma\AppData\Roaming\npm;C:\Users\AEnigMma\go\bin;C:\mingw64\bin;C:\Users\AEnigMma\Documents\apache-ant-1.10.14\bin;;." />
    <property name="info.sha1" value="45a5703d477128ec538296f8ec79aa933dafe561c05d73c14d211442655d09e93a4dcee9a7704e8268d95be8388c87067bde6fb594ccc81308f87f916804aa73" />
    <property name="java.vendor" value="Oracle Corporation" />
    <property name="stderr.encoding" value="Cp1251" />
    <property name="java.vm.info" value="mixed mode, sharing" />
    <property name="java.vm.version" value="19.0.1+10-21" />
    <property name="build.main" value="ant" />
    <property name="sun.io.unicode.encoding" value="UnicodeLittle" />
    <property name="java.class.version" value="63.0" />
    <property name="src.dir" value="src/main" />
    <property name="ant.project.default-target" value="build" />
  </properties>
  <testcase classname="HitServiceTest" name="testCheckHit" time="0.004" />
  <system-out><![CDATA[]]></system-out>
  <system-err><![CDATA[]]></system-err>
</testsuite>
